Arguments: 
  /usr/local/bin/node /usr/local/bin/yarn add fs-extra --dev

PATH: 
  /Users/goncy/Library/Android/sdk/tools:/Users/goncy/Library/Android/sdk/platform-tools:/usr/local/bin:/usr/bin:/bin:/usr/sbin:/sbin:/Users/goncy/Library/Android/sdk/tools:/Users/goncy/Library/Android/sdk/platform-tools:/Users/goncy/Library/Android/sdk/android-sdk:/Users/goncy/Library/Android/sdk/android-sdk/tools:/Users/goncy/Library/Android/sdk/android-sdk/tools/bin:/Users/goncy/Library/Android/sdk/android-sdk/platform-tools:/Users/goncy/Library/Android/sdk/android-sdk:/Users/goncy/Library/Android/sdk/android-sdk/tools:/Users/goncy/Library/Android/sdk/android-sdk/tools/bin:/Users/goncy/Library/Android/sdk/android-sdk/platform-tools

Yarn version: 
  1.3.2

Node version: 
  10.3.0

Platform: 
  darwin x64

npm manifest: 
  

yarn manifest: 
  No manifest

Lockfile: 
  No lockfile

Trace: 
  SyntaxError: /Users/goncy/projects/@goncy/packages/styles/package.json: Unexpected end of JSON input
      at JSON.parse (<anonymous>)
      at /usr/local/lib/node_modules/yarn/lib/cli.js:770:59
      at Generator.next (<anonymous>)
      at step (/usr/local/lib/node_modules/yarn/lib/cli.js:92:30)
      at /usr/local/lib/node_modules/yarn/lib/cli.js:103:13
